Dataset: BPIC19
Aggregate Type: AggregateType.AVG
Traceback (most recent call last):
  File "/gpfs/hpc/home/elkoumy/.conda/envs/amun-env/lib/python3.7/site-packages/pandas/core/indexes/base.py", line 3078, in get_loc
    return self._engine.get_loc(key)
  File "pandas/_libs/index.pyx", line 140, in pandas._libs.index.IndexEngine.get_loc
  File "pandas/_libs/index.pyx", line 162, in pandas._libs.index.IndexEngine.get_loc
  File "pandas/_libs/hashtable_class_helper.pxi", line 1492, in pandas._libs.hashtable.PyObjectHashTable.get_item
  File "pandas/_libs/hashtable_class_helper.pxi", line 1500, in pandas._libs.hashtable.PyObjectHashTable.get_item
KeyError: 'lifecycle:transition'

During handling of the above exception, another exception occurred:

Traceback (most recent call last):
  File "/gpfs/hpc/home/elkoumy/amun/run_experiment_slurm.py", line 149, in <module>
    run_experiment(data,parameter)
  File "/gpfs/hpc/home/elkoumy/amun/run_experiment_slurm.py", line 53, in run_experiment
    dfg_freq, dfg_time = read_xes(data_dir,dataset, aggregate_type)
  File "/gpfs/hpc/home/elkoumy/amun/amun/input_module.py", line 24, in read_xes
    dfg_time =get_dfg_time(data,aggregate_type)
  File "/gpfs/hpc/home/elkoumy/amun/amun/input_module.py", line 50, in get_dfg_time
    data=data.where(data["lifecycle:transition"]=="complete")
  File "/gpfs/hpc/home/elkoumy/.conda/envs/amun-env/lib/python3.7/site-packages/pandas/core/frame.py", line 2688, in __getitem__
    return self._getitem_column(key)
  File "/gpfs/hpc/home/elkoumy/.conda/envs/amun-env/lib/python3.7/site-packages/pandas/core/frame.py", line 2695, in _getitem_column
    return self._get_item_cache(key)
  File "/gpfs/hpc/home/elkoumy/.conda/envs/amun-env/lib/python3.7/site-packages/pandas/core/generic.py", line 2489, in _get_item_cache
    values = self._data.get(item)
  File "/gpfs/hpc/home/elkoumy/.conda/envs/amun-env/lib/python3.7/site-packages/pandas/core/internals.py", line 4115, in get
    loc = self.items.get_loc(item)
  File "/gpfs/hpc/home/elkoumy/.conda/envs/amun-env/lib/python3.7/site-packages/pandas/core/indexes/base.py", line 3080, in get_loc
    return self._engine.get_loc(self._maybe_cast_indexer(key))
  File "pandas/_libs/index.pyx", line 140, in pandas._libs.index.IndexEngine.get_loc
  File "pandas/_libs/index.pyx", line 162, in pandas._libs.index.IndexEngine.get_loc
  File "pandas/_libs/hashtable_class_helper.pxi", line 1492, in pandas._libs.hashtable.PyObjectHashTable.get_item
  File "pandas/_libs/hashtable_class_helper.pxi", line 1500, in pandas._libs.hashtable.PyObjectHashTable.get_item
KeyError: 'lifecycle:transition'
Dataset: BPIC19
Aggregate Type: AggregateType.AVG
avg MAPE for freq is 0.12702105502193115
avg MAPE for time is 0.07312465990599921
avg SMAPE for freq is 0.03776101254861801
avg SMAPE for time is 0.026861052281641956
delta for the freq is 0.999980000199998
delta for the time is 0.017145370535590582
Dataset: BPIC19
Aggregate Type: AggregateType.SUM
avg MAPE for freq is 0.11425140392220887
avg MAPE for time is 0.18180685351830603
avg SMAPE for freq is 0.036547884345357315
avg SMAPE for time is 0.05815651806867685
delta for the freq is 0.999980000199998
delta for the time is 0.0002422998186698
Dataset: BPIC19
Aggregate Type: AggregateType.MIN
avg MAPE for freq is 0.1033807842362249
avg MAPE for time is 86360.01177281568
avg SMAPE for freq is 0.0337340834384792
avg SMAPE for time is 3.427097038154269
delta for the freq is 0.999980000199998
delta for the time is 0.01798115985938467
Dataset: BPIC19
Aggregate Type: AggregateType.MAX
avg MAPE for freq is 0.11204929381363256
avg MAPE for time is 0.48540824136506
avg SMAPE for freq is 0.03310575966681549
avg SMAPE for time is 0.13145836496195504
delta for the freq is 0.999980000199998
delta for the time is 0.12499994791667207
Dataset: BPIC19
Aggregate Type: AggregateType.AVG
slurmstepd: error: *** JOB 12729050 ON sfr2 CANCELLED AT 2020-10-17T15:30:04 DUE TO TIME LIMIT ***
