Dataset: BPIC19
Aggregate Type: AggregateType.AVG
Traceback (most recent call last):
  File "/gpfs/hpc/home/elkoumy/.conda/envs/amun-env/lib/python3.7/site-packages/pandas/core/indexes/base.py", line 3078, in get_loc
    return self._engine.get_loc(key)
  File "pandas/_libs/index.pyx", line 140, in pandas._libs.index.IndexEngine.get_loc
  File "pandas/_libs/index.pyx", line 162, in pandas._libs.index.IndexEngine.get_loc
  File "pandas/_libs/hashtable_class_helper.pxi", line 1492, in pandas._libs.hashtable.PyObjectHashTable.get_item
  File "pandas/_libs/hashtable_class_helper.pxi", line 1500, in pandas._libs.hashtable.PyObjectHashTable.get_item
KeyError: 'lifecycle:transition'

During handling of the above exception, another exception occurred:

Traceback (most recent call last):
  File "/gpfs/hpc/home/elkoumy/amun/run_experiment_slurm.py", line 149, in <module>
    run_experiment(data,parameter)
  File "/gpfs/hpc/home/elkoumy/amun/run_experiment_slurm.py", line 53, in run_experiment
    dfg_freq, dfg_time = read_xes(data_dir,dataset, aggregate_type)
  File "/gpfs/hpc/home/elkoumy/amun/amun/input_module.py", line 24, in read_xes
    dfg_time =get_dfg_time(data,aggregate_type)
  File "/gpfs/hpc/home/elkoumy/amun/amun/input_module.py", line 50, in get_dfg_time
    data=data.where(data["lifecycle:transition"]=="complete")
  File "/gpfs/hpc/home/elkoumy/.conda/envs/amun-env/lib/python3.7/site-packages/pandas/core/frame.py", line 2688, in __getitem__
    return self._getitem_column(key)
  File "/gpfs/hpc/home/elkoumy/.conda/envs/amun-env/lib/python3.7/site-packages/pandas/core/frame.py", line 2695, in _getitem_column
    return self._get_item_cache(key)
  File "/gpfs/hpc/home/elkoumy/.conda/envs/amun-env/lib/python3.7/site-packages/pandas/core/generic.py", line 2489, in _get_item_cache
    values = self._data.get(item)
  File "/gpfs/hpc/home/elkoumy/.conda/envs/amun-env/lib/python3.7/site-packages/pandas/core/internals.py", line 4115, in get
    loc = self.items.get_loc(item)
  File "/gpfs/hpc/home/elkoumy/.conda/envs/amun-env/lib/python3.7/site-packages/pandas/core/indexes/base.py", line 3080, in get_loc
    return self._engine.get_loc(self._maybe_cast_indexer(key))
  File "pandas/_libs/index.pyx", line 140, in pandas._libs.index.IndexEngine.get_loc
  File "pandas/_libs/index.pyx", line 162, in pandas._libs.index.IndexEngine.get_loc
  File "pandas/_libs/hashtable_class_helper.pxi", line 1492, in pandas._libs.hashtable.PyObjectHashTable.get_item
  File "pandas/_libs/hashtable_class_helper.pxi", line 1500, in pandas._libs.hashtable.PyObjectHashTable.get_item
KeyError: 'lifecycle:transition'
Dataset: BPIC19
Aggregate Type: AggregateType.AVG
avg MAPE for freq is 0.02154629336923587
avg MAPE for time is 0.035174797035574745
avg SMAPE for freq is 0.009697382455451514
avg SMAPE for time is 0.011680259790802979
delta for the freq is 0.8935195695959551
delta for the time is 0.0020663536789745657
Dataset: BPIC19
Aggregate Type: AggregateType.SUM
avg MAPE for freq is 0.017554363276368553
avg MAPE for time is 0.018973911161465067
avg SMAPE for freq is 0.007728782391876074
avg SMAPE for time is 0.008635828121259636
delta for the freq is 0.8935195695959551
delta for the time is 6.0575111431759865e-05
Dataset: BPIC19
Aggregate Type: AggregateType.MIN
avg MAPE for freq is 0.02086289311323467
avg MAPE for time is 48244.870449901944
avg SMAPE for freq is 0.009141775351893441
avg SMAPE for time is 0.25464212732687036
delta for the freq is 0.8935195695959551
delta for the time is 0.01798115985938467
Dataset: BPIC19
Aggregate Type: AggregateType.MAX
avg MAPE for freq is 0.018733157758763296
avg MAPE for time is 0.0516061597657404
avg SMAPE for freq is 0.008473065336437342
avg SMAPE for time is 0.022209890819095933
delta for the freq is 0.8935195695959551
delta for the time is 0.04053397815253079
Dataset: BPIC19
Aggregate Type: AggregateType.AVG
