Dataset: BPIC19
Aggregate Type: AggregateType.AVG
Traceback (most recent call last):
  File "/gpfs/hpc/home/elkoumy/.conda/envs/amun-env/lib/python3.7/site-packages/pandas/core/indexes/base.py", line 3078, in get_loc
    return self._engine.get_loc(key)
  File "pandas/_libs/index.pyx", line 140, in pandas._libs.index.IndexEngine.get_loc
  File "pandas/_libs/index.pyx", line 162, in pandas._libs.index.IndexEngine.get_loc
  File "pandas/_libs/hashtable_class_helper.pxi", line 1492, in pandas._libs.hashtable.PyObjectHashTable.get_item
  File "pandas/_libs/hashtable_class_helper.pxi", line 1500, in pandas._libs.hashtable.PyObjectHashTable.get_item
KeyError: 'lifecycle:transition'

During handling of the above exception, another exception occurred:

Traceback (most recent call last):
  File "/gpfs/hpc/home/elkoumy/amun/run_experiment_slurm.py", line 149, in <module>
    run_experiment(data,parameter)
  File "/gpfs/hpc/home/elkoumy/amun/run_experiment_slurm.py", line 53, in run_experiment
    dfg_freq, dfg_time = read_xes(data_dir,dataset, aggregate_type)
  File "/gpfs/hpc/home/elkoumy/amun/amun/input_module.py", line 24, in read_xes
    dfg_time =get_dfg_time(data,aggregate_type)
  File "/gpfs/hpc/home/elkoumy/amun/amun/input_module.py", line 50, in get_dfg_time
    data=data.where(data["lifecycle:transition"]=="complete")
  File "/gpfs/hpc/home/elkoumy/.conda/envs/amun-env/lib/python3.7/site-packages/pandas/core/frame.py", line 2688, in __getitem__
    return self._getitem_column(key)
  File "/gpfs/hpc/home/elkoumy/.conda/envs/amun-env/lib/python3.7/site-packages/pandas/core/frame.py", line 2695, in _getitem_column
    return self._get_item_cache(key)
  File "/gpfs/hpc/home/elkoumy/.conda/envs/amun-env/lib/python3.7/site-packages/pandas/core/generic.py", line 2489, in _get_item_cache
    values = self._data.get(item)
  File "/gpfs/hpc/home/elkoumy/.conda/envs/amun-env/lib/python3.7/site-packages/pandas/core/internals.py", line 4115, in get
    loc = self.items.get_loc(item)
  File "/gpfs/hpc/home/elkoumy/.conda/envs/amun-env/lib/python3.7/site-packages/pandas/core/indexes/base.py", line 3080, in get_loc
    return self._engine.get_loc(self._maybe_cast_indexer(key))
  File "pandas/_libs/index.pyx", line 140, in pandas._libs.index.IndexEngine.get_loc
  File "pandas/_libs/index.pyx", line 162, in pandas._libs.index.IndexEngine.get_loc
  File "pandas/_libs/hashtable_class_helper.pxi", line 1492, in pandas._libs.hashtable.PyObjectHashTable.get_item
  File "pandas/_libs/hashtable_class_helper.pxi", line 1500, in pandas._libs.hashtable.PyObjectHashTable.get_item
KeyError: 'lifecycle:transition'
Dataset: BPIC19
Aggregate Type: AggregateType.AVG
avg MAPE for freq is 0.027294625965317575
avg MAPE for time is 0.0313190982564117
avg SMAPE for freq is 0.01168432898981269
avg SMAPE for time is 0.012383949349779395
delta for the freq is 0.9578200457656272
delta for the time is 0.0029729404721441383
Dataset: BPIC19
Aggregate Type: AggregateType.SUM
avg MAPE for freq is 0.03363538930551419
avg MAPE for time is 0.045196252165982644
avg SMAPE for freq is 0.013911953270445056
avg SMAPE for time is 0.01946745195876111
delta for the freq is 0.9578200457656272
delta for the time is 8.076679342300386e-05
Dataset: BPIC19
Aggregate Type: AggregateType.MIN
avg MAPE for freq is 0.0288033198535817
avg MAPE for time is 57211.26749729018
avg SMAPE for freq is 0.012196588017652337
avg SMAPE for time is 0.6759226746088223
delta for the freq is 0.9578200457656272
delta for the time is 0.01798115985938467
Dataset: BPIC19
Aggregate Type: AggregateType.MAX
avg MAPE for freq is 0.027477599186290412
avg MAPE for time is 0.1247386682250392
avg SMAPE for freq is 0.011833279641203698
avg SMAPE for time is 0.047743270435229725
delta for the freq is 0.9578200457656272
delta for the time is 0.11905532846147054
Dataset: BPIC19
Aggregate Type: AggregateType.AVG
slurmstepd: error: *** JOB 12729055 ON stage57 CANCELLED AT 2020-10-17T16:12:03 DUE TO TIME LIMIT ***
